Info: Starting: Create block symbol file (.bsf)
Info: ip-generate --project-directory=D:/EE3921/FinalProject/ --output-directory=D:/EE3921/FinalProject/Video_System/ --report-file=bsf:D:/EE3921/FinalProject/Video_System.bsf --system-info=DEVICE_FAMILY="Cyclone II" --system-info=DEVICE=EP2C20F484C7 --system-info=DEVICE_SPEEDGRADE=7 --component-file=D:/EE3921/FinalProject/Video_System.qsys
Progress: Loading FinalProject/Video_System.qsys
Progress: Reading input file
Progress: Adding clk_0 [clock_source 13.0]
Progress: Parameterizing module clk_0
Progress: Adding Onchip_Memory [altera_avalon_onchip_memory2 13.0.1.99.2]
Progress: Parameterizing module Onchip_Memory
Progress: Adding Dual_Clock_FIFO [altera_up_avalon_video_dual_clock_buffer 13.0]
Progress: Parameterizing module Dual_Clock_FIFO
Progress: Adding Pixel_Buffer [altera_up_avalon_sram 13.0]
Progress: Parameterizing module Pixel_Buffer
Progress: Adding Pixel_Buffer_DMA [altera_up_avalon_video_pixel_buffer_dma 13.0]
Progress: Parameterizing module Pixel_Buffer_DMA
Progress: Adding Pixel_RGB_Resampler [altera_up_avalon_video_rgb_resampler 13.0]
Progress: Parameterizing module Pixel_RGB_Resampler
Progress: Adding Pixel_Scaler [altera_up_avalon_video_scaler 13.0]
Progress: Parameterizing module Pixel_Scaler
Progress: Adding VGA_Controller [altera_up_avalon_video_vga_controller 13.0]
Progress: Parameterizing module VGA_Controller
Progress: Adding CPU [altera_nios2_qsys 13.0]
Progress: Parameterizing module CPU
Progress: Adding Clock_Signals [altera_up_clocks 13.0]
Progress: Parameterizing module Clock_Signals
Progress: Adding Key_PIO [altera_avalon_pio 13.0.1.99.2]
Progress: Parameterizing module Key_PIO
Progress: Adding SW_PIO [altera_avalon_pio 13.0.1.99.2]
Progress: Parameterizing module SW_PIO
Progress: Building connections
Progress: Parameterizing connections
Progress: Validating
Progress: Done reading input file
Info: Video_System.Pixel_RGB_Resampler: RGB Resampling: 16 (bits) x 1 (planes) -> 10 (bits) x 3 (planes)
Info: Video_System.Pixel_Scaler: Change in Resolution: 320 x 240 -> 640 x 480
Info: Video_System.VGA_Controller: Video Output Stream: Format: 640 x 480 with Color: 10 (bits) x 3 (planes) converted to 4 (bits) per color plane
Info: Video_System.CPU: CPUID control register value is 0. Please manually assign CPUID if creating multiple Nios II system
Info: Video_System.Key_PIO: PIO inputs are not hardwired in test bench. Undefined values will be read from PIO inputs during simulation.
Info: Video_System.SW_PIO: PIO inputs are not hardwired in test bench. Undefined values will be read from PIO inputs during simulation.
Info: ip-generate succeeded.
Info: Finished: Create block symbol file (.bsf)
Info: 
Info: Starting: Create HDL design files for synthesis
Info: ip-generate --project-directory=D:/EE3921/FinalProject/ --output-directory=D:/EE3921/FinalProject/Video_System/synthesis/ --file-set=QUARTUS_SYNTH --report-file=sopcinfo:D:/EE3921/FinalProject/Video_System.sopcinfo --report-file=html:D:/EE3921/FinalProject/Video_System.html --report-file=qip:D:/EE3921/FinalProject/Video_System/synthesis/Video_System.qip --report-file=cmp:D:/EE3921/FinalProject/Video_System.cmp --report-file=svd --system-info=DEVICE_FAMILY="Cyclone II" --system-info=DEVICE=EP2C20F484C7 --system-info=DEVICE_SPEEDGRADE=7 --component-file=D:/EE3921/FinalProject/Video_System.qsys --language=VHDL
Progress: Loading FinalProject/Video_System.qsys
Progress: Reading input file
Progress: Adding clk_0 [clock_source 13.0]
Progress: Parameterizing module clk_0
Progress: Adding Onchip_Memory [altera_avalon_onchip_memory2 13.0.1.99.2]
Progress: Parameterizing module Onchip_Memory
Progress: Adding Dual_Clock_FIFO [altera_up_avalon_video_dual_clock_buffer 13.0]
Progress: Parameterizing module Dual_Clock_FIFO
Progress: Adding Pixel_Buffer [altera_up_avalon_sram 13.0]
Progress: Parameterizing module Pixel_Buffer
Progress: Adding Pixel_Buffer_DMA [altera_up_avalon_video_pixel_buffer_dma 13.0]
Progress: Parameterizing module Pixel_Buffer_DMA
Progress: Adding Pixel_RGB_Resampler [altera_up_avalon_video_rgb_resampler 13.0]
Progress: Parameterizing module Pixel_RGB_Resampler
Progress: Adding Pixel_Scaler [altera_up_avalon_video_scaler 13.0]
Progress: Parameterizing module Pixel_Scaler
Progress: Adding VGA_Controller [altera_up_avalon_video_vga_controller 13.0]
Progress: Parameterizing module VGA_Controller
Progress: Adding CPU [altera_nios2_qsys 13.0]
Progress: Parameterizing module CPU
Progress: Adding Clock_Signals [altera_up_clocks 13.0]
Progress: Parameterizing module Clock_Signals
Progress: Adding Key_PIO [altera_avalon_pio 13.0.1.99.2]
Progress: Parameterizing module Key_PIO
Progress: Adding SW_PIO [altera_avalon_pio 13.0.1.99.2]
Progress: Parameterizing module SW_PIO
Progress: Building connections
Progress: Parameterizing connections
Progress: Validating
Progress: Done reading input file
Info: Video_System.Pixel_RGB_Resampler: RGB Resampling: 16 (bits) x 1 (planes) -> 10 (bits) x 3 (planes)
Info: Video_System.Pixel_Scaler: Change in Resolution: 320 x 240 -> 640 x 480
Info: Video_System.VGA_Controller: Video Output Stream: Format: 640 x 480 with Color: 10 (bits) x 3 (planes) converted to 4 (bits) per color plane
Info: Video_System.CPU: CPUID control register value is 0. Please manually assign CPUID if creating multiple Nios II system
Info: Video_System.Key_PIO: PIO inputs are not hardwired in test bench. Undefined values will be read from PIO inputs during simulation.
Info: Video_System.SW_PIO: PIO inputs are not hardwired in test bench. Undefined values will be read from PIO inputs during simulation.
Info: Video_System: Generating Video_System "Video_System" for QUARTUS_SYNTH
Info: pipeline_bridge_swap_transform: After transform: 12 modules, 49 connections
Info: No custom instruction connections, skipping transform 
Info: merlin_translator_transform: After transform: 21 modules, 85 connections
Info: merlin_domain_transform: After transform: 38 modules, 197 connections
Info: merlin_router_transform: After transform: 47 modules, 233 connections
Info: merlin_traffic_limiter_transform: After transform: 48 modules, 238 connections
Info: merlin_burst_transform: After transform: 49 modules, 242 connections
Info: reset_adaptation_transform: After transform: 52 modules, 194 connections
Info: merlin_network_to_switch_transform: After transform: 69 modules, 230 connections
Info: merlin_width_transform: After transform: 71 modules, 236 connections
Info: limiter_update_transform: After transform: 71 modules, 237 connections
Info: merlin_mm_transform: After transform: 71 modules, 237 connections
Info: merlin_interrupt_mapper_transform: After transform: 72 modules, 240 connections
Warning: Video_System: "No matching role found for rst_controller:reset_out:reset_req (reset_req)"
Warning: Video_System: "No matching role found for rst_controller:reset_out:reset_req (reset_req)"
Warning: Video_System: "No matching role found for rst_controller:reset_out:reset_req (reset_req)"
Warning: Video_System: "No matching role found for rst_controller:reset_out:reset_req (reset_req)"
Warning: Video_System: "No matching role found for rst_controller:reset_out:reset_req (reset_req)"
Warning: Video_System: "No matching role found for rst_controller:reset_out:reset_req (reset_req)"
Warning: Video_System: "No matching role found for rst_controller:reset_out:reset_req (reset_req)"
Warning: Video_System: "No matching role found for rst_controller:reset_out:reset_req (reset_req)"
Warning: Video_System: "No matching role found for rst_controller:reset_out:reset_req (reset_req)"
Warning: Video_System: "No matching role found for rst_controller:reset_out:reset_req (reset_req)"
Warning: Video_System: "No matching role found for rst_controller:reset_out:reset_req (reset_req)"
Warning: Video_System: "No matching role found for rst_controller:reset_out:reset_req (reset_req)"
Warning: Video_System: "No matching role found for rst_controller:reset_out:reset_req (reset_req)"
Warning: Video_System: "No matching role found for rst_controller:reset_out:reset_req (reset_req)"
Warning: Video_System: "No matching role found for rst_controller:reset_out:reset_req (reset_req)"
Warning: Video_System: "No matching role found for rst_controller:reset_out:reset_req (reset_req)"
Warning: Video_System: "No matching role found for rst_controller:reset_out:reset_req (reset_req)"
Warning: Video_System: "No matching role found for rst_controller:reset_out:reset_req (reset_req)"
Warning: Video_System: "No matching role found for rst_controller:reset_out:reset_req (reset_req)"
Warning: Video_System: "No matching role found for rst_controller:reset_out:reset_req (reset_req)"
Warning: Video_System: "No matching role found for rst_controller:reset_out:reset_req (reset_req)"
Warning: Video_System: "No matching role found for rst_controller:reset_out:reset_req (reset_req)"
Warning: Video_System: "No matching role found for rst_controller:reset_out:reset_req (reset_req)"
Warning: Video_System: "No matching role found for rst_controller:reset_out:reset_req (reset_req)"
Warning: Video_System: "No matching role found for rst_controller:reset_out:reset_req (reset_req)"
Warning: Video_System: "No matching role found for rst_controller:reset_out:reset_req (reset_req)"
Warning: Video_System: "No matching role found for rst_controller:reset_out:reset_req (reset_req)"
Warning: Video_System: "No matching role found for rst_controller:reset_out:reset_req (reset_req)"
Warning: Video_System: "No matching role found for rst_controller:reset_out:reset_req (reset_req)"
Warning: Video_System: "No matching role found for rst_controller:reset_out:reset_req (reset_req)"
Warning: Video_System: "No matching role found for rst_controller:reset_out:reset_req (reset_req)"
Warning: Video_System: "No matching role found for rst_controller:reset_out:reset_req (reset_req)"
Warning: Video_System: "No matching role found for rst_controller:reset_out:reset_req (reset_req)"
Warning: Video_System: "No matching role found for rst_controller:reset_out:reset_req (reset_req)"
Warning: Video_System: "No matching role found for rst_controller:reset_out:reset_req (reset_req)"
Warning: Video_System: "No matching role found for rst_controller:reset_out:reset_req (reset_req)"
Warning: Video_System: "No matching role found for rst_controller:reset_out:reset_req (reset_req)"
Warning: Video_System: "No matching role found for rst_controller:reset_out:reset_req (reset_req)"
Warning: Video_System: "No matching role found for rst_controller:reset_out:reset_req (reset_req)"
Warning: Video_System: "No matching role found for rst_controller:reset_out:reset_req (reset_req)"
Warning: Video_System: "No matching role found for rst_controller:reset_out:reset_req (reset_req)"
Warning: Video_System: "No matching role found for rst_controller:reset_out:reset_req (reset_req)"
Warning: Video_System: "No matching role found for rst_controller:reset_out:reset_req (reset_req)"
Warning: Video_System: "No matching role found for rst_controller:reset_out:reset_req (reset_req)"
Warning: Video_System: "No matching role found for rst_controller:reset_out:reset_req (reset_req)"
Warning: Video_System: "No matching role found for rst_controller:reset_out:reset_req (reset_req)"
Warning: Video_System: "No matching role found for rst_controller:reset_out:reset_req (reset_req)"
Warning: Video_System: "No matching role found for rst_controller:reset_out:reset_req (reset_req)"
Warning: Video_System: "No matching role found for rst_controller:reset_out:reset_req (reset_req)"
Warning: Video_System: "No matching role found for rst_controller:reset_out:reset_req (reset_req)"
Warning: Video_System: "No matching role found for rst_controller:reset_out:reset_req (reset_req)"
Warning: Video_System: "No matching role found for rst_controller:reset_out:reset_req (reset_req)"
Warning: Video_System: "No matching role found for rst_controller:reset_out:reset_req (reset_req)"
Warning: Video_System: "No matching role found for rst_controller:reset_out:reset_req (reset_req)"
Warning: Video_System: "No matching role found for rst_controller:reset_out:reset_req (reset_req)"
Warning: Video_System: "No matching role found for rst_controller:reset_out:reset_req (reset_req)"
Warning: Video_System: "No matching role found for rst_controller:reset_out:reset_req (reset_req)"
Warning: Video_System: "No matching role found for rst_controller:reset_out:reset_req (reset_req)"
Warning: Video_System: "No matching role found for rst_controller:reset_out:reset_req (reset_req)"
Warning: Video_System: "No matching role found for rst_controller:reset_out:reset_req (reset_req)"
Warning: Video_System: "No matching role found for rst_controller:reset_out:reset_req (reset_req)"
Warning: Video_System: "No matching role found for rst_controller:reset_out:reset_req (reset_req)"
Warning: Video_System: "No matching role found for rst_controller:reset_out:reset_req (reset_req)"
Warning: Video_System: "No matching role found for rst_controller:reset_out:reset_req (reset_req)"
Warning: Video_System: "No matching role found for rst_controller:reset_out:reset_req (reset_req)"
Info: Onchip_Memory: Starting RTL generation for module 'Video_System_Onchip_Memory'
Info: Onchip_Memory:   Generation command is [exec C:/altera/13.0sp1/quartus/bin/perl/bin/perl.exe -I C:/altera/13.0sp1/quartus/common/ip/altera/common/perl/5.8.3 -I C:/altera/13.0sp1/quartus/sopc_builder/bin/europa -I C:/altera/13.0sp1/quartus/sopc_builder/bin/perl_lib -I C:/altera/13.0sp1/quartus/sopc_builder/bin -I C:/altera/13.0sp1/quartus/../ip/altera/sopc_builder_ip/common -I C:/altera/13.0sp1/quartus/../ip/altera/sopc_builder_ip/altera_avalon_onchip_memory2 -- C:/altera/13.0sp1/quartus/../ip/altera/sopc_builder_ip/altera_avalon_onchip_memory2/generate_rtl.pl --name=Video_System_Onchip_Memory --dir=C:/Users/chenz/AppData/Local/Temp/alt7093_38564230673551751.dir/0001_Onchip_Memory_gen/ --quartus_dir=C:/altera/13.0sp1/quartus --verilog --config=C:/Users/chenz/AppData/Local/Temp/alt7093_38564230673551751.dir/0001_Onchip_Memory_gen//Video_System_Onchip_Memory_component_configuration.pl  --do_build_sim=0  ]
Info: Onchip_Memory: Done RTL generation for module 'Video_System_Onchip_Memory'
Info: Onchip_Memory: "Video_System" instantiated altera_avalon_onchip_memory2 "Onchip_Memory"
Info: Dual_Clock_FIFO: Starting Generation of the Dual Clock Buffer
Info: Dual_Clock_FIFO: "Video_System" instantiated altera_up_avalon_video_dual_clock_buffer "Dual_Clock_FIFO"
Info: Pixel_Buffer: Starting Generation of SRAM or SSRAM Controller
Info: Pixel_Buffer: "Video_System" instantiated altera_up_avalon_sram "Pixel_Buffer"
Info: Pixel_Buffer_DMA: Starting Generation of VGA Pixel Buffer
Info: Pixel_Buffer_DMA: "Video_System" instantiated altera_up_avalon_video_pixel_buffer_dma "Pixel_Buffer_DMA"
Info: Pixel_RGB_Resampler: Starting Generation of Video RGB Resampler
Info: Pixel_RGB_Resampler: "Video_System" instantiated altera_up_avalon_video_rgb_resampler "Pixel_RGB_Resampler"
Info: Pixel_Scaler: Starting Generation of Video Scaler
Info: Pixel_Scaler: "Video_System" instantiated altera_up_avalon_video_scaler "Pixel_Scaler"
Info: VGA_Controller: Starting Generation of VGA Controller
Info: VGA_Controller: "Video_System" instantiated altera_up_avalon_video_vga_controller "VGA_Controller"
Info: CPU: Starting RTL generation for module 'Video_System_CPU'
Info: CPU:   Generation command is [exec C:/altera/13.0sp1/quartus/../ip/altera/nios2_ip/altera_nios2/eperl.exe -I C:/altera/13.0sp1/quartus/common/ip/altera/common/perl/5.8.3 -I C:/altera/13.0sp1/quartus/sopc_builder/bin/europa -I C:/altera/13.0sp1/quartus/sopc_builder/bin/perl_lib -I C:/altera/13.0sp1/quartus/sopc_builder/bin -I C:/altera/13.0sp1/quartus/../ip/altera/nios2_ip/altera_nios2/cpu_lib -I C:/altera/13.0sp1/quartus/../ip/altera/nios2_ip/altera_nios2/nios_lib -I C:/altera/13.0sp1/quartus/../ip/altera/nios2_ip/altera_nios2 -I C:/altera/13.0sp1/quartus/../ip/altera/nios2_ip/altera_nios2 -- C:/altera/13.0sp1/quartus/../ip/altera/nios2_ip/altera_nios2/generate_rtl.epl --name=Video_System_CPU --dir=C:/Users/chenz/AppData/Local/Temp/alt7093_38564230673551751.dir/0008_CPU_gen/ --quartus_dir=C:/altera/13.0sp1/quartus --verilog --config=C:/Users/chenz/AppData/Local/Temp/alt7093_38564230673551751.dir/0008_CPU_gen//Video_System_CPU_processor_configuration.pl  --do_build_sim=0    --bogus  ]
Info: CPU: # 2016.10.19 08:27:29 (*) Starting Nios II generation
Info: CPU: # 2016.10.19 08:27:29 (*)   Checking for plaintext license.
Info: CPU: # 2016.10.19 08:27:29 (*)   Couldn't query license setup in Quartus directory C:/altera/13.0sp1/quartus
Info: CPU: # 2016.10.19 08:27:29 (*)   Defaulting to contents of LM_LICENSE_FILE environment variable
Info: CPU: # 2016.10.19 08:27:29 (*)   LM_LICENSE_FILE environment variable is empty
Info: CPU: # 2016.10.19 08:27:29 (*)   Plaintext license not found.
Info: CPU: # 2016.10.19 08:27:29 (*)   Checking for encrypted license (non-evaluation).
Info: CPU: # 2016.10.19 08:27:30 (*)   Couldn't query license setup in Quartus directory C:/altera/13.0sp1/quartus
Info: CPU: # 2016.10.19 08:27:30 (*)   Defaulting to contents of LM_LICENSE_FILE environment variable
Info: CPU: # 2016.10.19 08:27:30 (*)   LM_LICENSE_FILE environment variable is empty
Info: CPU: # 2016.10.19 08:27:30 (*)   Encrypted license not found.  Defaulting to OCP evaluation license (produces a time-limited SOF)
Info: CPU: # 2016.10.19 08:27:30 (*)   Elaborating CPU configuration settings
Info: CPU: # 2016.10.19 08:27:30 (*)   Creating all objects for CPU
Info: CPU: # 2016.10.19 08:27:30 (*)     Pipeline frontend
Info: CPU: # 2016.10.19 08:27:31 (*)   Generating RTL from CPU objects
Info: CPU: # 2016.10.19 08:27:34 (*)   Creating encrypted RTL
Info: CPU: # 2016.10.19 08:27:34 (*) Done Nios II generation
Info: CPU: Done RTL generation for module 'Video_System_CPU'
Info: CPU: "Video_System" instantiated altera_nios2_qsys "CPU"
Info: Clock_Signals: Starting Generation of Required Clocks for DE-Series Boards
Info: Clock_Signals: "Video_System" instantiated altera_up_clocks "Clock_Signals"
Info: Key_PIO: Starting RTL generation for module 'Video_System_Key_PIO'
Info: Key_PIO:   Generation command is [exec C:/altera/13.0sp1/quartus/bin/perl/bin/perl.exe -I C:/altera/13.0sp1/quartus/common/ip/altera/common/perl/5.8.3 -I C:/altera/13.0sp1/quartus/sopc_builder/bin/europa -I C:/altera/13.0sp1/quartus/sopc_builder/bin/perl_lib -I C:/altera/13.0sp1/quartus/sopc_builder/bin -I C:/altera/13.0sp1/quartus/../ip/altera/sopc_builder_ip/common -I C:/altera/13.0sp1/quartus/../ip/altera/sopc_builder_ip/altera_avalon_pio -- C:/altera/13.0sp1/quartus/../ip/altera/sopc_builder_ip/altera_avalon_pio/generate_rtl.pl --name=Video_System_Key_PIO --dir=C:/Users/chenz/AppData/Local/Temp/alt7093_38564230673551751.dir/0010_Key_PIO_gen/ --quartus_dir=C:/altera/13.0sp1/quartus --verilog --config=C:/Users/chenz/AppData/Local/Temp/alt7093_38564230673551751.dir/0010_Key_PIO_gen//Video_System_Key_PIO_component_configuration.pl  --do_build_sim=0  ]
Info: Key_PIO: Done RTL generation for module 'Video_System_Key_PIO'
Info: Key_PIO: "Video_System" instantiated altera_avalon_pio "Key_PIO"
Info: SW_PIO: Starting RTL generation for module 'Video_System_SW_PIO'
Info: SW_PIO:   Generation command is [exec C:/altera/13.0sp1/quartus/bin/perl/bin/perl.exe -I C:/altera/13.0sp1/quartus/common/ip/altera/common/perl/5.8.3 -I C:/altera/13.0sp1/quartus/sopc_builder/bin/europa -I C:/altera/13.0sp1/quartus/sopc_builder/bin/perl_lib -I C:/altera/13.0sp1/quartus/sopc_builder/bin -I C:/altera/13.0sp1/quartus/../ip/altera/sopc_builder_ip/common -I C:/altera/13.0sp1/quartus/../ip/altera/sopc_builder_ip/altera_avalon_pio -- C:/altera/13.0sp1/quartus/../ip/altera/sopc_builder_ip/altera_avalon_pio/generate_rtl.pl --name=Video_System_SW_PIO --dir=C:/Users/chenz/AppData/Local/Temp/alt7093_38564230673551751.dir/0011_SW_PIO_gen/ --quartus_dir=C:/altera/13.0sp1/quartus --verilog --config=C:/Users/chenz/AppData/Local/Temp/alt7093_38564230673551751.dir/0011_SW_PIO_gen//Video_System_SW_PIO_component_configuration.pl  --do_build_sim=0  ]
Info: SW_PIO: Done RTL generation for module 'Video_System_SW_PIO'
Info: SW_PIO: "Video_System" instantiated altera_avalon_pio "SW_PIO"
Info: CPU_instruction_master_translator: "Video_System" instantiated altera_merlin_master_translator "CPU_instruction_master_translator"
Info: CPU_jtag_debug_module_translator: "Video_System" instantiated altera_merlin_slave_translator "CPU_jtag_debug_module_translator"
Info: CPU_instruction_master_translator_avalon_universal_master_0_agent: "Video_System" instantiated altera_merlin_master_agent "CPU_instruction_master_translator_avalon_universal_master_0_agent"
Info: CPU_jtag_debug_module_translator_avalon_universal_slave_0_agent: "Video_System" instantiated altera_merlin_slave_agent "CPU_jtag_debug_module_translator_avalon_universal_slave_0_agent"
Info: CPU_jtag_debug_module_translator_avalon_universal_slave_0_agent_rsp_fifo: "Video_System" instantiated altera_avalon_sc_fifo "CPU_jtag_debug_module_translator_avalon_universal_slave_0_agent_rsp_fifo"
Info: addr_router: "Video_System" instantiated altera_merlin_router "addr_router"
Info: addr_router_001: "Video_System" instantiated altera_merlin_router "addr_router_001"
Info: addr_router_002: "Video_System" instantiated altera_merlin_router "addr_router_002"
Info: id_router: "Video_System" instantiated altera_merlin_router "id_router"
Info: id_router_002: "Video_System" instantiated altera_merlin_router "id_router_002"
Info: id_router_003: "Video_System" instantiated altera_merlin_router "id_router_003"
Info: limiter: "Video_System" instantiated altera_merlin_traffic_limiter "limiter"
Info: burst_adapter: "Video_System" instantiated altera_merlin_burst_adapter "burst_adapter"
Info: rst_controller: "Video_System" instantiated altera_reset_controller "rst_controller"
Info: cmd_xbar_demux: "Video_System" instantiated altera_merlin_demultiplexer "cmd_xbar_demux"
Info: cmd_xbar_demux_001: "Video_System" instantiated altera_merlin_demultiplexer "cmd_xbar_demux_001"
Info: cmd_xbar_demux_002: "Video_System" instantiated altera_merlin_demultiplexer "cmd_xbar_demux_002"
Info: cmd_xbar_mux: "Video_System" instantiated altera_merlin_multiplexer "cmd_xbar_mux"
Info: cmd_xbar_mux_002: "Video_System" instantiated altera_merlin_multiplexer "cmd_xbar_mux_002"
Info: Reusing file D:/EE3921/FinalProject/Video_System/synthesis/submodules/altera_merlin_arbitrator.sv
Info: rsp_xbar_demux: "Video_System" instantiated altera_merlin_demultiplexer "rsp_xbar_demux"
Info: rsp_xbar_demux_002: "Video_System" instantiated altera_merlin_demultiplexer "rsp_xbar_demux_002"
Info: rsp_xbar_demux_003: "Video_System" instantiated altera_merlin_demultiplexer "rsp_xbar_demux_003"
Info: rsp_xbar_mux: "Video_System" instantiated altera_merlin_multiplexer "rsp_xbar_mux"
Info: Reusing file D:/EE3921/FinalProject/Video_System/synthesis/submodules/altera_merlin_arbitrator.sv
Info: rsp_xbar_mux_001: "Video_System" instantiated altera_merlin_multiplexer "rsp_xbar_mux_001"
Info: Reusing file D:/EE3921/FinalProject/Video_System/synthesis/submodules/altera_merlin_arbitrator.sv
Info: width_adapter: "Video_System" instantiated altera_merlin_width_adapter "width_adapter"
Info: Reusing file D:/EE3921/FinalProject/Video_System/synthesis/submodules/altera_merlin_address_alignment.sv
Info: Reusing file D:/EE3921/FinalProject/Video_System/synthesis/submodules/altera_merlin_burst_uncompressor.sv
Info: irq_mapper: "Video_System" instantiated altera_irq_mapper "irq_mapper"
Info: Video_System: Done Video_System" with 38 modules, 151 files, 2986157 bytes
Info: ip-generate succeeded.
Info: Finished: Create HDL design files for synthesis
